<?xml version="1.0" encoding="UTF-8"?>
<!-- Generated by org.testng.reporters.JUnitReportReporter -->
<testsuite skipped="0" hostname="SAI-PC" name="com.test.TestNgBasics" tests="2" failures="0" timestamp="27 Nov 2018 01:34:49 GMT" time="0.008" errors="0">
  <testcase name="googleTitleTest" time="0.004" classname="com.test.TestNgBasics"/>
  <testcase name="searchTest" time="0.004" classname="com.test.TestNgBasics"/>
</testsuite> <!-- com.test.TestNgBasics -->
