<?xml version="1.0" encoding="UTF-8"?>
<!-- Generated by org.testng.reporters.JUnitReportReporter -->
<testsuite skipped="1" hostname="SAI-PC" name="com.differentparameteroftestng.yahoomailTest" tests="4" failures="0" timestamp="12 Nov 2018 09:04:42 GMT" time="0.024" errors="0">
  <testcase name="composemailTest" time="0.009" classname="com.differentparameteroftestng.yahoomailTest"/>
  <testcase name="deleteMailTest" time="0.007" classname="com.differentparameteroftestng.yahoomailTest"/>
  <testcase name="sentItemmailTest" time="0.008" classname="com.differentparameteroftestng.yahoomailTest"/>
  <testcase name="searchmailTest" classname="com.differentparameteroftestng.yahoomailTest">
    <skipped/>
  </testcase> <!-- searchmailTest -->
</testsuite> <!-- com.differentparameteroftestng.yahoomailTest -->
