<?xml version="1.0" encoding="UTF-8"?>
<!-- Generated by org.testng.reporters.JUnitReportReporter -->
<testsuite skipped="0" hostname="SAI-PC" name="com.test.ExpectedException" tests="1" failures="0" timestamp="27 Nov 2018 01:34:50 GMT" time="0.007" errors="0">
  <testcase name="nuberFormatException" time="0.007" classname="com.test.ExpectedException"/>
</testsuite> <!-- com.test.ExpectedException -->
