<?xml version="1.0" encoding="UTF-8"?>
<!-- Generated by org.testng.reporters.JUnitReportReporter -->
<testsuite skipped="0" hostname="SAI-PC" name="com.datadriven.test.HalfEbayTest" tests="4" failures="0" timestamp="10 Nov 2018 15:12:21 GMT" time="63.301" errors="0">
  <testcase name="halfebayregpage" time="14.100" classname="com.datadriven.test.HalfEbayTest"/>
  <testcase name="halfebayregpage" time="19.917" classname="com.datadriven.test.HalfEbayTest"/>
  <testcase name="halfebayregpage" time="17.484" classname="com.datadriven.test.HalfEbayTest"/>
  <testcase name="halfebayregpage" time="11.800" classname="com.datadriven.test.HalfEbayTest"/>
</testsuite> <!-- com.datadriven.test.HalfEbayTest -->
