<?xml version="1.0" encoding="UTF-8"?>
<!-- Generated by org.testng.reporters.JUnitReportReporter -->
<testsuite skipped="0" hostname="SAI-PC" name="com.parameters.ParametersTestClass" tests="1" failures="0" timestamp="16 Nov 2018 15:09:41 GMT" time="49.438" errors="0">
  <testcase name="yahooLoginTest" time="49.438" classname="com.parameters.ParametersTestClass"/>
</testsuite> <!-- com.parameters.ParametersTestClass -->
